\BOOKMARK [1][-]{section.1}{\376\377\000I\000n\000t\000r\000o\000d\000u\000c\000t\000i\000o\000n}{}% 1
\BOOKMARK [1][-]{section.2}{\376\377\000L\000i\000t\000e\000r\000a\000t\000u\000r\000e\000\040\000R\000e\000v\000i\000e\000w}{}% 2
\BOOKMARK [1][-]{section.3}{\376\377\000M\000e\000t\000h\000o\000d\000o\000l\000o\000g\000y}{}% 3
\BOOKMARK [1][-]{section.4}{\376\377\000S\000y\000s\000t\000e\000m\000\040\000S\000p\000e\000c\000i\000f\000i\000c\000a\000t\000i\000o\000n}{}% 4
\BOOKMARK [1][-]{section.5}{\376\377\000T\000e\000s\000t\000i\000n\000g}{}% 5
\BOOKMARK [1][-]{section.6}{\376\377\000R\000e\000s\000u\000l\000t\000s\000\040\000a\000n\000d\000\040\000D\000i\000s\000c\000u\000s\000s\000i\000o\000n}{}% 6
\BOOKMARK [2][-]{subsection.6.1}{\376\377\000A\000n\000o\000m\000a\000l\000y\000\040\000D\000e\000t\000e\000c\000t\000i\000o\000n\000\040\000P\000e\000r\000f\000o\000r\000m\000a\000n\000c\000e}{section.6}% 7
\BOOKMARK [2][-]{subsection.6.2}{\376\377\000T\000a\000b\000u\000l\000a\000t\000e\000d\000\040\000O\000v\000e\000r\000v\000i\000e\000w\000\040\000o\000f\000\040\000R\000e\000s\000u\000l\000t\000s}{section.6}% 8
\BOOKMARK [2][-]{subsection.6.3}{\376\377\000R\000a\000s\000p\000b\000e\000r\000r\000y\000\040\000P\000i\000\040\000D\000e\000p\000l\000o\000y\000m\000e\000n\000t\000\040\000F\000e\000a\000s\000i\000b\000i\000l\000i\000t\000y}{section.6}% 9
\BOOKMARK [2][-]{subsection.6.4}{\376\377\000C\000o\000m\000p\000a\000r\000a\000t\000i\000v\000e\000\040\000P\000e\000r\000f\000o\000r\000m\000a\000n\000c\000e\000\040\000w\000i\000t\000h\000\040\000O\000t\000h\000e\000r\000\040\000M\000o\000d\000e\000l\000s}{section.6}% 10
\BOOKMARK [2][-]{subsection.6.5}{\376\377\000S\000a\000m\000p\000l\000e\000\040\000D\000e\000t\000e\000c\000t\000e\000d\000\040\000A\000n\000o\000m\000a\000l\000i\000e\000s}{section.6}% 11
\BOOKMARK [2][-]{subsection.6.6}{\376\377\000L\000i\000m\000i\000t\000a\000t\000i\000o\000n\000s\000\040\000a\000n\000d\000\040\000F\000u\000t\000u\000r\000e\000\040\000W\000o\000r\000k}{section.6}% 12
\BOOKMARK [2][-]{subsection.6.7}{\376\377\000S\000u\000m\000m\000a\000r\000y}{section.6}% 13
\BOOKMARK [1][-]{section.7}{\376\377\000C\000o\000n\000c\000l\000u\000s\000i\000o\000n}{}% 14
\BOOKMARK [1][-]{section*.1}{\376\377\000A\000p\000p\000e\000n\000d\000i\000x\000\040\000A\000:\000\040\000C\000o\000d\000e\000\040\000S\000n\000i\000p\000p\000e\000t\000:\000\040\000A\000n\000o\000m\000a\000l\000y\000\040\000D\000e\000t\000e\000c\000t\000i\000o\000n\000\040\000u\000s\000i\000n\000g\000\040\000I\000s\000o\000l\000a\000t\000i\000o\000n\000\040\000F\000o\000r\000e\000s\000t}{}% 15
\BOOKMARK [1][-]{section*.2}{\376\377\000A\000p\000p\000e\000n\000d\000i\000x\000\040\000B\000:\000\040\000H\000a\000r\000d\000w\000a\000r\000e\000\040\000S\000e\000t\000u\000p\000:\000\040\000R\000a\000s\000p\000b\000e\000r\000r\000y\000\040\000P\000i\000-\000b\000a\000s\000e\000d\000\040\000D\000e\000p\000l\000o\000y\000m\000e\000n\000t}{}% 16
\BOOKMARK [2][-]{subsection.Appendix.B.1}{\376\377\000A\000.\000\040\000H\000a\000r\000d\000w\000a\000r\000e\000\040\000C\000o\000n\000f\000i\000g\000u\000r\000a\000t\000i\000o\000n}{section*.2}% 17
\BOOKMARK [2][-]{subsection.Appendix.B.2}{\376\377\000B\000.\000\040\000M\000o\000d\000e\000l\000\040\000D\000e\000p\000l\000o\000y\000m\000e\000n\000t\000\040\000W\000o\000r\000k\000f\000l\000o\000w}{section*.2}% 18
\BOOKMARK [2][-]{subsection.Appendix.B.3}{\376\377\000C\000.\000\040\000P\000e\000r\000f\000o\000r\000m\000a\000n\000c\000e\000\040\000O\000b\000s\000e\000r\000v\000a\000t\000i\000o\000n\000s}{section*.2}% 19
\BOOKMARK [1][-]{section*.4}{\376\377\000R\000e\000f\000e\000r\000e\000n\000c\000e\000s}{}% 20
