This is pdfTeX, Version 3.141592653-2.6-1.40.24 (MiKTeX 22.1) (preloaded format=pdflatex 2025.5.28)  18 JUN 2025 11:53
entering extended mode
 restricted \write18 enabled.
 %&-line parsing enabled.
**./main.tex
(main.tex
LaTeX2e <2024-11-01> patch level 2
L3 programming layer <2025-04-29>

(/Users/mandarmaniyar/Library/Application Support/MiKTeX/texmfs/install/tex/lat
ex/ieeetran/IEEEtran.cls
Document Class: IEEEtran 2015/08/26 V1.8b by Michael Shell
-- See the "IEEEtran_HOWTO" manual for usage information.
-- http://www.michaelshell.org/tex/ieeetran/
\@IEEEtrantmpdimenA=\dimen146
\@IEEEtrantmpdimenB=\dimen147
\@IEEEtrantmpdimenC=\dimen148
\@IEEEtrantmpcountA=\count272
\@IEEEtrantmpcountB=\count273
\@IEEEtrantmpcountC=\count274
\@IEEEtrantmptoksA=\toks17
LaTeX Font Info:    Trying to load font information for OT1+ptm on input line 5
03.

(/Users/mandarmaniyar/Library/Application Support/MiKTeX/texmfs/install/tex/lat
ex/psnfss/ot1ptm.fd
File: ot1ptm.fd 2001/06/04 font definitions for OT1/ptm.
)
-- Using 8.5in x 11in (letter) paper.
-- Using PDF output.
\@IEEEnormalsizeunitybaselineskip=\dimen149
-- This is a 12 point document.
\CLASSINFOnormalsizebaselineskip=\dimen150
\CLASSINFOnormalsizeunitybaselineskip=\dimen151
\IEEEnormaljot=\dimen152
LaTeX Font Info:    Font shape `OT1/ptm/bx/n' in size <6> not available
(Font)              Font shape `OT1/ptm/b/n' tried instead on input line 1090.
LaTeX Font Info:    Font shape `OT1/ptm/bx/it' in size <6> not available
(Font)              Font shape `OT1/ptm/b/it' tried instead on input line 1090.

LaTeX Font Info:    Font shape `OT1/ptm/bx/n' in size <8> not available
(Font)              Font shape `OT1/ptm/b/n' tried instead on input line 1090.
LaTeX Font Info:    Font shape `OT1/ptm/bx/it' in size <8> not available
(Font)              Font shape `OT1/ptm/b/it' tried instead on input line 1090.

LaTeX Font Info:    Font shape `OT1/ptm/bx/n' in size <9> not available
(Font)              Font shape `OT1/ptm/b/n' tried instead on input line 1090.
LaTeX Font Info:    Font shape `OT1/ptm/bx/it' in size <9> not available
(Font)              Font shape `OT1/ptm/b/it' tried instead on input line 1090.

LaTeX Font Info:    Font shape `OT1/ptm/bx/n' in size <10> not available
(Font)              Font shape `OT1/ptm/b/n' tried instead on input line 1090.
LaTeX Font Info:    Font shape `OT1/ptm/bx/it' in size <10> not available
(Font)              Font shape `OT1/ptm/b/it' tried instead on input line 1090.

LaTeX Font Info:    Font shape `OT1/ptm/bx/n' in size <12> not available
(Font)              Font shape `OT1/ptm/b/n' tried instead on input line 1090.
LaTeX Font Info:    Font shape `OT1/ptm/bx/it' in size <12> not available
(Font)              Font shape `OT1/ptm/b/it' tried instead on input line 1090.

LaTeX Font Info:    Font shape `OT1/ptm/bx/n' in size <14> not available
(Font)              Font shape `OT1/ptm/b/n' tried instead on input line 1090.
LaTeX Font Info:    Font shape `OT1/ptm/bx/it' in size <14> not available
(Font)              Font shape `OT1/ptm/b/it' tried instead on input line 1090.

LaTeX Font Info:    Font shape `OT1/ptm/bx/n' in size <20> not available
(Font)              Font shape `OT1/ptm/b/n' tried instead on input line 1090.
LaTeX Font Info:    Font shape `OT1/ptm/bx/it' in size <20> not available
(Font)              Font shape `OT1/ptm/b/it' tried instead on input line 1090.

LaTeX Font Info:    Font shape `OT1/ptm/bx/n' in size <22> not available
(Font)              Font shape `OT1/ptm/b/n' tried instead on input line 1090.
LaTeX Font Info:    Font shape `OT1/ptm/bx/it' in size <22> not available
(Font)              Font shape `OT1/ptm/b/it' tried instead on input line 1090.

LaTeX Font Info:    Font shape `OT1/ptm/bx/n' in size <24> not available
(Font)              Font shape `OT1/ptm/b/n' tried instead on input line 1090.
LaTeX Font Info:    Font shape `OT1/ptm/bx/it' in size <24> not available
(Font)              Font shape `OT1/ptm/b/it' tried instead on input line 1090.

\IEEEquantizedlength=\dimen153
\IEEEquantizedlengthdiff=\dimen154
\IEEEquantizedtextheightdiff=\dimen155
\IEEEilabelindentA=\dimen156
\IEEEilabelindentB=\dimen157
\IEEEilabelindent=\dimen158
\IEEEelabelindent=\dimen159
\IEEEdlabelindent=\dimen160
\IEEElabelindent=\dimen161
\IEEEiednormlabelsep=\dimen162
\IEEEiedmathlabelsep=\dimen163
\IEEEiedtopsep=\skip49
\c@section=\count275
\c@subsection=\count276
\c@subsubsection=\count277
\c@paragraph=\count278
\c@IEEEsubequation=\count279
\abovecaptionskip=\skip50
\belowcaptionskip=\skip51
\c@figure=\count280
\c@table=\count281
\@IEEEeqnnumcols=\count282
\@IEEEeqncolcnt=\count283
\@IEEEsubeqnnumrollback=\count284
\@IEEEquantizeheightA=\dimen164
\@IEEEquantizeheightB=\dimen165
\@IEEEquantizeheightC=\dimen166
\@IEEEquantizeprevdepth=\dimen167
\@IEEEquantizemultiple=\count285
\@IEEEquantizeboxA=\box53
\@IEEEtmpitemindent=\dimen168
\IEEEPARstartletwidth=\dimen169
\c@IEEEbiography=\count286
\@IEEEtranrubishbin=\box54
)
(/Users/mandarmaniyar/Library/Application Support/MiKTeX/texmfs/install/tex/lat
ex/cite/cite.sty
LaTeX Info: Redefining \cite on input line 302.
LaTeX Info: Redefining \nocite on input line 332.
Package: cite 2015/02/27  v 5.5
)
(/Users/mandarmaniyar/Library/Application Support/MiKTeX/texmfs/install/tex/lat
ex/amsmath/amsmath.sty
Package: amsmath 2025/05/18 v2.17x AMS math features
\@mathmargin=\skip52

For additional information on amsmath, use the `?' option.

(/Users/mandarmaniyar/Library/Application Support/MiKTeX/texmfs/install/tex/lat
ex/amsmath/amstext.sty
Package: amstext 2024/11/17 v2.01 AMS text

(/Users/mandarmaniyar/Library/Application Support/MiKTeX/texmfs/install/tex/lat
ex/amsmath/amsgen.sty
File: amsgen.sty 1999/11/30 v2.0 generic functions
\@emptytoks=\toks18
\ex@=\dimen170
))
(/Users/mandarmaniyar/Library/Application Support/MiKTeX/texmfs/install/tex/lat
ex/amsmath/amsbsy.sty
Package: amsbsy 1999/11/29 v1.2d Bold Symbols
\pmbraise@=\dimen171
)
(/Users/mandarmaniyar/Library/Application Support/MiKTeX/texmfs/install/tex/lat
ex/amsmath/amsopn.sty
Package: amsopn 2022/04/08 v2.04 operator names
)
\inf@bad=\count287
LaTeX Info: Redefining \frac on input line 233.
\uproot@=\count288
\leftroot@=\count289
LaTeX Info: Redefining \overline on input line 398.
LaTeX Info: Redefining \colon on input line 409.
\classnum@=\count290
\DOTSCASE@=\count291
LaTeX Info: Redefining \ldots on input line 495.
LaTeX Info: Redefining \dots on input line 498.
LaTeX Info: Redefining \cdots on input line 619.
\Mathstrutbox@=\box55
\strutbox@=\box56
LaTeX Info: Redefining \big on input line 721.
LaTeX Info: Redefining \Big on input line 722.
LaTeX Info: Redefining \bigg on input line 723.
LaTeX Info: Redefining \Bigg on input line 724.
\big@size=\dimen172
LaTeX Font Info:    Redeclaring font encoding OML on input line 742.
LaTeX Font Info:    Redeclaring font encoding OMS on input line 743.
\macc@depth=\count292
LaTeX Info: Redefining \bmod on input line 904.
LaTeX Info: Redefining \pmod on input line 909.
LaTeX Info: Redefining \smash on input line 939.
LaTeX Info: Redefining \relbar on input line 969.
LaTeX Info: Redefining \Relbar on input line 970.
\c@MaxMatrixCols=\count293
\dotsspace@=\muskip17
\c@parentequation=\count294
\dspbrk@lvl=\count295
\tag@help=\toks19
\row@=\count296
\column@=\count297
\maxfields@=\count298
\andhelp@=\toks20
\eqnshift@=\dimen173
\alignsep@=\dimen174
\tagshift@=\dimen175
\tagwidth@=\dimen176
\totwidth@=\dimen177
\lineht@=\dimen178
\@envbody=\toks21
\multlinegap=\skip53
\multlinetaggap=\skip54
\mathdisplay@stack=\toks22
LaTeX Info: Redefining \[ on input line 2949.
LaTeX Info: Redefining \] on input line 2950.
)
(/Users/mandarmaniyar/Library/Application Support/MiKTeX/texmfs/install/tex/lat
ex/amsfonts/amssymb.sty
Package: amssymb 2013/01/14 v3.01 AMS font symbols

(/Users/mandarmaniyar/Library/Application Support/MiKTeX/texmfs/install/tex/lat
ex/amsfonts/amsfonts.sty
Package: amsfonts 2013/01/14 v3.01 Basic AMSFonts support
\symAMSa=\mathgroup4
\symAMSb=\mathgroup5
LaTeX Font Info:    Redeclaring math symbol \hbar on input line 98.
LaTeX Font Info:    Overwriting math alphabet `\mathfrak' in version `bold'
(Font)                  U/euf/m/n --> U/euf/b/n on input line 106.
))
(/Users/mandarmaniyar/Library/Application Support/MiKTeX/texmfs/install/tex/lat
ex/algorithms/algorithmic.sty
Package: algorithmic 2009/08/24 v0.1 Document Style `algorithmic'

(/Users/mandarmaniyar/Library/Application Support/MiKTeX/texmfs/install/tex/lat
ex/base/ifthen.sty
Package: ifthen 2024/03/16 v1.1e Standard LaTeX ifthen package (DPC)
)
(/Users/mandarmaniyar/Library/Application Support/MiKTeX/texmfs/install/tex/lat
ex/graphics/keyval.sty
Package: keyval 2022/05/29 v1.15 key=value parser (DPC)
\KV@toks@=\toks23
)
\c@ALC@unique=\count299
\c@ALC@line=\count300
\c@ALC@rem=\count301
\c@ALC@depth=\count302
\ALC@tlm=\skip55
\algorithmicindent=\skip56
)
(/Users/mandarmaniyar/Library/Application Support/MiKTeX/texmfs/install/tex/lat
ex/graphics/graphicx.sty
Package: graphicx 2021/09/16 v1.2d Enhanced LaTeX Graphics (DPC,SPQR)

(/Users/mandarmaniyar/Library/Application Support/MiKTeX/texmfs/install/tex/lat
ex/graphics/graphics.sty
Package: graphics 2024/08/06 v1.4g Standard LaTeX Graphics (DPC,SPQR)

(/Users/mandarmaniyar/Library/Application Support/MiKTeX/texmfs/install/tex/lat
ex/graphics/trig.sty
Package: trig 2023/12/02 v1.11 sin cos tan (DPC)
)
(/Users/mandarmaniyar/Library/Application Support/MiKTeX/texmfs/install/tex/lat
ex/graphics-cfg/graphics.cfg
File: graphics.cfg 2016/06/04 v1.11 sample graphics configuration
)
Package graphics Info: Driver file: pdftex.def on input line 106.

(/Users/mandarmaniyar/Library/Application Support/MiKTeX/texmfs/install/tex/lat
ex/graphics-def/pdftex.def
File: pdftex.def 2024/04/13 v1.2c Graphics/color driver for pdftex
))
\Gin@req@height=\dimen179
\Gin@req@width=\dimen180
)
(/Users/mandarmaniyar/Library/Application Support/MiKTeX/texmfs/install/tex/lat
ex/base/textcomp.sty
Package: textcomp 2024/04/24 v2.1b Standard LaTeX package
)
(/Users/mandarmaniyar/Library/Application Support/MiKTeX/texmfs/install/tex/lat
ex/xcolor/xcolor.sty
Package: xcolor 2024/09/29 v3.02 LaTeX color extensions (UK)

(/Users/mandarmaniyar/Library/Application Support/MiKTeX/texmfs/install/tex/lat
ex/graphics-cfg/color.cfg
File: color.cfg 2016/01/02 v1.6 sample color configuration
)
Package xcolor Info: Driver file: pdftex.def on input line 274.

(/Users/mandarmaniyar/Library/Application Support/MiKTeX/texmfs/install/tex/lat
ex/graphics/mathcolor.ltx)
Package xcolor Info: Model `cmy' substituted by `cmy0' on input line 1349.
Package xcolor Info: Model `hsb' substituted by `rgb' on input line 1353.
Package xcolor Info: Model `RGB' extended on input line 1365.
Package xcolor Info: Model `HTML' substituted by `rgb' on input line 1367.
Package xcolor Info: Model `Hsb' substituted by `hsb' on input line 1368.
Package xcolor Info: Model `tHsb' substituted by `hsb' on input line 1369.
Package xcolor Info: Model `HSB' substituted by `hsb' on input line 1370.
Package xcolor Info: Model `Gray' substituted by `gray' on input line 1371.
Package xcolor Info: Model `wave' substituted by `hsb' on input line 1372.
)
(/Users/mandarmaniyar/Library/Application Support/MiKTeX/texmfs/install/tex/lat
ex/url/url.sty
\Urlmuskip=\muskip18
Package: url 2013/09/16  ver 3.4  Verb mode for urls, etc.
)
(/Users/mandarmaniyar/Library/Application Support/MiKTeX/texmfs/install/tex/lat
ex/hyperref/hyperref.sty
Package: hyperref 2025-05-20 v7.01m Hypertext links for LaTeX

(/Users/mandarmaniyar/Library/Application Support/MiKTeX/texmfs/install/tex/gen
eric/iftex/iftex.sty
Package: iftex 2024/12/12 v1.0g TeX engine tests
)
(/Users/mandarmaniyar/Library/Application Support/MiKTeX/texmfs/install/tex/lat
ex/kvsetkeys/kvsetkeys.sty
Package: kvsetkeys 2022-10-05 v1.19 Key value parser (HO)
)
(/Users/mandarmaniyar/Library/Application Support/MiKTeX/texmfs/install/tex/gen
eric/kvdefinekeys/kvdefinekeys.sty
Package: kvdefinekeys 2019-12-19 v1.6 Define keys (HO)
)
(/Users/mandarmaniyar/Library/Application Support/MiKTeX/texmfs/install/tex/gen
eric/pdfescape/pdfescape.sty
Package: pdfescape 2019/12/09 v1.15 Implements pdfTeX's escape features (HO)

(/Users/mandarmaniyar/Library/Application Support/MiKTeX/texmfs/install/tex/gen
eric/ltxcmds/ltxcmds.sty
Package: ltxcmds 2023-12-04 v1.26 LaTeX kernel commands for general use (HO)
)
(/Users/mandarmaniyar/Library/Application Support/MiKTeX/texmfs/install/tex/gen
eric/pdftexcmds/pdftexcmds.sty
Package: pdftexcmds 2020-06-27 v0.33 Utility functions of pdfTeX for LuaTeX (HO
)

(/Users/mandarmaniyar/Library/Application Support/MiKTeX/texmfs/install/tex/gen
eric/infwarerr/infwarerr.sty
Package: infwarerr 2019/12/03 v1.5 Providing info/warning/error messages (HO)
)
Package pdftexcmds Info: \pdf@primitive is available.
Package pdftexcmds Info: \pdf@ifprimitive is available.
Package pdftexcmds Info: \pdfdraftmode found.
))
(/Users/mandarmaniyar/Library/Application Support/MiKTeX/texmfs/install/tex/lat
ex/hycolor/hycolor.sty
Package: hycolor 2020-01-27 v1.10 Color options for hyperref/bookmark (HO)
)
(/Users/mandarmaniyar/Library/Application Support/MiKTeX/texmfs/install/tex/lat
ex/hyperref/nameref.sty
Package: nameref 2023-11-26 v2.56 Cross-referencing by name of section

(/Users/mandarmaniyar/Library/Application Support/MiKTeX/texmfs/install/tex/lat
ex/refcount/refcount.sty
Package: refcount 2019/12/15 v3.6 Data extraction from label references (HO)
)
(/Users/mandarmaniyar/Library/Application Support/MiKTeX/texmfs/install/tex/gen
eric/gettitlestring/gettitlestring.sty
Package: gettitlestring 2019/12/15 v1.6 Cleanup title references (HO)

(/Users/mandarmaniyar/Library/Application Support/MiKTeX/texmfs/install/tex/lat
ex/kvoptions/kvoptions.sty
Package: kvoptions 2022-06-15 v3.15 Key value format for package options (HO)
))
\c@section@level=\count303
)
(/Users/mandarmaniyar/Library/Application Support/MiKTeX/texmfs/install/tex/lat
ex/etoolbox/etoolbox.sty
Package: etoolbox 2025/02/11 v2.5l e-TeX tools for LaTeX (JAW)
\etb@tempcnta=\count304
)
(/Users/mandarmaniyar/Library/Application Support/MiKTeX/texmfs/install/tex/gen
eric/stringenc/stringenc.sty
Package: stringenc 2019/11/29 v1.12 Convert strings between diff. encodings (HO
)
)
\@linkdim=\dimen181
\Hy@linkcounter=\count305
\Hy@pagecounter=\count306

(/Users/mandarmaniyar/Library/Application Support/MiKTeX/texmfs/install/tex/lat
ex/hyperref/pd1enc.def
File: pd1enc.def 2025-05-20 v7.01m Hyperref: PDFDocEncoding definition (HO)
Now handling font encoding PD1 ...
... no UTF-8 mapping file for font encoding PD1
)
(/Users/mandarmaniyar/Library/Application Support/MiKTeX/texmfs/install/tex/gen
eric/intcalc/intcalc.sty
Package: intcalc 2019/12/15 v1.3 Expandable calculations with integers (HO)
)
\Hy@SavedSpaceFactor=\count307

(/Users/mandarmaniyar/Library/Application Support/MiKTeX/texmfs/install/tex/lat
ex/hyperref/puenc.def
File: puenc.def 2025-05-20 v7.01m Hyperref: PDF Unicode definition (HO)
Now handling font encoding PU ...
... no UTF-8 mapping file for font encoding PU
)
Package hyperref Info: Hyper figures OFF on input line 4157.
Package hyperref Info: Link nesting OFF on input line 4162.
Package hyperref Info: Hyper index ON on input line 4165.
Package hyperref Info: Plain pages OFF on input line 4172.
Package hyperref Info: Backreferencing OFF on input line 4177.
Package hyperref Info: Implicit mode ON; LaTeX internals redefined.
Package hyperref Info: Bookmarks ON on input line 4424.
\c@Hy@tempcnt=\count308
LaTeX Info: Redefining \url on input line 4763.
\XeTeXLinkMargin=\dimen182

(/Users/mandarmaniyar/Library/Application Support/MiKTeX/texmfs/install/tex/gen
eric/bitset/bitset.sty
Package: bitset 2019/12/09 v1.3 Handle bit-vector datatype (HO)

(/Users/mandarmaniyar/Library/Application Support/MiKTeX/texmfs/install/tex/gen
eric/bigintcalc/bigintcalc.sty
Package: bigintcalc 2019/12/15 v1.5 Expandable calculations on big integers (HO
)
))
\Fld@menulength=\count309
\Field@Width=\dimen183
\Fld@charsize=\dimen184
Package hyperref Info: Hyper figures OFF on input line 6042.
Package hyperref Info: Link nesting OFF on input line 6047.
Package hyperref Info: Hyper index ON on input line 6050.
Package hyperref Info: backreferencing OFF on input line 6057.
Package hyperref Info: Link coloring OFF on input line 6062.
Package hyperref Info: Link coloring with OCG OFF on input line 6067.
Package hyperref Info: PDF/A mode OFF on input line 6072.

(/Users/mandarmaniyar/Library/Application Support/MiKTeX/texmfs/install/tex/lat
ex/base/atbegshi-ltx.sty
Package: atbegshi-ltx 2021/01/10 v1.0c Emulation of the original atbegshi
package with kernel methods
)
\Hy@abspage=\count310
\c@Item=\count311
\c@Hfootnote=\count312
)
Package hyperref Info: Driver (autodetected): hpdftex.

(/Users/mandarmaniyar/Library/Application Support/MiKTeX/texmfs/install/tex/lat
ex/hyperref/hpdftex.def
File: hpdftex.def 2025-05-20 v7.01m Hyperref driver for pdfTeX
\Fld@listcount=\count313
\c@bookmark@seq@number=\count314

(/Users/mandarmaniyar/Library/Application Support/MiKTeX/texmfs/install/tex/lat
ex/rerunfilecheck/rerunfilecheck.sty
Package: rerunfilecheck 2022-07-10 v1.10 Rerun checks for auxiliary files (HO)

(/Users/mandarmaniyar/Library/Application Support/MiKTeX/texmfs/install/tex/lat
ex/base/atveryend-ltx.sty
Package: atveryend-ltx 2020/08/19 v1.0a Emulation of the original atveryend pac
kage
with kernel methods
)
(/Users/mandarmaniyar/Library/Application Support/MiKTeX/texmfs/install/tex/gen
eric/uniquecounter/uniquecounter.sty
Package: uniquecounter 2019/12/15 v1.4 Provide unlimited unique counter (HO)
)
Package uniquecounter Info: New unique counter `rerunfilecheck' on input line 2
85.
)
\Hy@SectionHShift=\skip57
)
Package hyperref Info: Option `colorlinks' set `true' on input line 20.

(/Users/mandarmaniyar/Library/Application Support/MiKTeX/texmfs/install/tex/lat
ex/l3backend/l3backend-pdftex.def
File: l3backend-pdftex.def 2025-04-14 L3 backend support: PDF output (pdfTeX)
\l__color_backend_stack_int=\count315
) (main.aux)
\openout1 = `main.aux'.

LaTeX Font Info:    Checking defaults for OML/cmm/m/it on input line 24.
LaTeX Font Info:    ... okay on input line 24.
LaTeX Font Info:    Checking defaults for OMS/cmsy/m/n on input line 24.
LaTeX Font Info:    ... okay on input line 24.
LaTeX Font Info:    Checking defaults for OT1/cmr/m/n on input line 24.
LaTeX Font Info:    ... okay on input line 24.
LaTeX Font Info:    Checking defaults for T1/cmr/m/n on input line 24.
LaTeX Font Info:    ... okay on input line 24.
LaTeX Font Info:    Checking defaults for TS1/cmr/m/n on input line 24.
LaTeX Font Info:    ... okay on input line 24.
LaTeX Font Info:    Checking defaults for OMX/cmex/m/n on input line 24.
LaTeX Font Info:    ... okay on input line 24.
LaTeX Font Info:    Checking defaults for U/cmr/m/n on input line 24.
LaTeX Font Info:    ... okay on input line 24.
LaTeX Font Info:    Checking defaults for PD1/pdf/m/n on input line 24.
LaTeX Font Info:    ... okay on input line 24.
LaTeX Font Info:    Checking defaults for PU/pdf/m/n on input line 24.
LaTeX Font Info:    ... okay on input line 24.

-- Lines per column: 32 (exact).

(/Users/mandarmaniyar/Library/Application Support/MiKTeX/texmfs/install/tex/con
text/base/mkii/supp-pdf.mkii
[Loading MPS to PDF converter (version 2006.09.02).]
\scratchcounter=\count316
\scratchdimen=\dimen185
\scratchbox=\box57
\nofMPsegments=\count317
\nofMParguments=\count318
\everyMPshowfont=\toks24
\MPscratchCnt=\count319
\MPscratchDim=\dimen186
\MPnumerator=\count320
\makeMPintoPDFobject=\count321
\everyMPtoPDFconversion=\toks25
)
(/Users/mandarmaniyar/Library/Application Support/MiKTeX/texmfs/install/tex/lat
ex/epstopdf-pkg/epstopdf-base.sty
Package: epstopdf-base 2020-01-24 v2.11 Base part for package epstopdf
Package epstopdf-base Info: Redefining graphics rule for `.eps' on input line 4
85.

(/Users/mandarmaniyar/Library/Application Support/MiKTeX/texmfs/install/tex/lat
ex/00miktex/epstopdf-sys.cfg
File: epstopdf-sys.cfg 2021/03/18 v2.0 Configuration of epstopdf for MiKTeX
))
Package hyperref Info: Link coloring ON on input line 24.
 (main.out) (main.out)
\@outlinefile=\write3
\openout3 = `main.out'.



[1{/Users/mandarmaniyar/Library/Application Support/MiKTeX/texmfs/data/fonts/ma
p/pdftex/pdftex.map}]
Overfull \hbox (5.54773pt too wide) in paragraph at lines 49--50
[]\OT1/ptm/m/n/12 Smart energy management systems are pivotal in optimizing ene
rgy usage, conserving resources,
 []


Overfull \hbox (10.1435pt too wide) in paragraph at lines 49--50
\OT1/ptm/m/n/12 However, traditional energy meters predominantly perform simple
 data collection without delivering
 []


Overfull \hbox (7.7186pt too wide) in paragraph at lines 51--52
\OT1/ptm/m/n/12 well-established algorithm for unsupervised anomaly detection, 
which efficiently isolates anomalies
 []


Overfull \hbox (11.81056pt too wide) in paragraph at lines 53--54
[]\OT1/ptm/m/n/12 To enable extensive testing and training, we used the UCI Hou
sehold Electric Power Consumption
 []



[2]
Overfull \hbox (3.93886pt too wide) in paragraph at lines 57--58
\OT1/ptm/m/n/12 smart energy monitoring with microcontrollers and lightweight M
L, demonstrating its applicability
 []

LaTeX Font Info:    Trying to load font information for U+msa on input line 69.


(/Users/mandarmaniyar/Library/Application Support/MiKTeX/texmfs/install/tex/lat
ex/amsfonts/umsa.fd
File: umsa.fd 2013/01/14 v3.01 AMS symbols A
)
LaTeX Font Info:    Trying to load font information for U+msb on input line 69.


(/Users/mandarmaniyar/Library/Application Support/MiKTeX/texmfs/install/tex/lat
ex/amsfonts/umsb.fd
File: umsb.fd 2013/01/14 v3.01 AMS symbols B
)
Underfull \hbox (badness 10000) in paragraph at lines 71--71
[]\OT1/ptm/b/n/9 Ours: Isolation
 []


Underfull \hbox (badness 10000) in paragraph at lines 79--79
[]\OT1/ptm/b/n/9 Training Data
 []


Underfull \hbox (badness 10000) in paragraph at lines 91--91
[]\OT1/ptm/b/n/9 Anomaly Type
 []


Underfull \hbox (badness 10000) in paragraph at lines 91--91
[]\OT1/ptm/m/n/9 Threshold-based
 []


Underfull \hbox (badness 10000) in paragraph at lines 91--91
[]\OT1/ptm/m/n/9 Deep Pattern
 []


Underfull \hbox (badness 10000) in paragraph at lines 91--91
[]\OT1/ptm/m/n/9 Sequence
 []


Underfull \hbox (badness 10000) in paragraph at lines 91--91
[]\OT1/ptm/m/n/9 Point-wise
 []


Underfull \hbox (badness 2521) in paragraph at lines 91--92
[]\OT1/ptm/m/n/9 Hybrid Feature-
 []


Overfull \hbox (2.80943pt too wide) in paragraph at lines 69--94
 [][] 
 []



[3]

[4]
<comparative_graph.png, id=113, 722.7pt x 433.62pt>
File: comparative_graph.png Graphic file (type png)
<use comparative_graph.png>
Package pdftex.def Info: comparative_graph.png  used on input line 110.
(pdftex.def)             Requested size: 328.82707pt x 197.29741pt.

Overfull \hbox (17.60783pt too wide) in paragraph at lines 116--117
\OT1/ptm/m/n/12 appropriate and lightweight algorithm for our application. Furt
hermore, many methods predominantly
 []


Overfull \hbox (32.41566pt too wide) in paragraph at lines 116--117
\OT1/ptm/m/n/12 leverage deep neural networks and heavy models, which are unsui
table for low-resource microcontrollers
 []



[5 <./comparative_graph.png>]
Overfull \hbox (5.3917pt too wide) in paragraph at lines 119--120
\OT1/ptm/m/n/12 to enable lightweight and real-time anomaly detection for smart
 energy consumption. Our approach
 []


Overfull \hbox (13.66112pt too wide) in paragraph at lines 130--131
\OT1/ptm/m/n/12 collaborative platform provided a convenient, flexible, and hig
h-powered environment for developing
 []



[6]
<block_diagram.png, id=125, 3371.84718pt x 2710.125pt>
File: block_diagram.png Graphic file (type png)
<use block_diagram.png>
Package pdftex.def Info: block_diagram.png  used on input line 142.
(pdftex.def)             Requested size: 469.75502pt x 377.55403pt.


LaTeX Warning: `!h' float specifier changed to `!ht'.


Overfull \hbox (1.98433pt too wide) in paragraph at lines 156--158
\OT1/ptm/m/n/12 This enable-on-edge approach brings several operational benefit
s, including lower latency, reduced
 []



[7]
Underfull \hbox (badness 3199) in paragraph at lines 169--170
[]\OT1/ptm/m/n/9 Edge computing platform for real-time anomaly
 []


LaTeX Warning: `!h' float specifier changed to `!ht'.



[8 <./block_diagram.png>]
<confusion_matrix.png, id=137, 529.98pt x 467.7475pt>
File: confusion_matrix.png Graphic file (type png)
<use confusion_matrix.png>
Package pdftex.def Info: confusion_matrix.png  used on input line 217.
(pdftex.def)             Requested size: 281.85587pt x 248.76144pt.


LaTeX Warning: `!h' float specifier changed to `!ht'.

<threshhold_diagram.png, id=138, 627.34375pt x 466.74374pt>
File: threshhold_diagram.png Graphic file (type png)
<use threshhold_diagram.png>
Package pdftex.def Info: threshhold_diagram.png  used on input line 224.
(pdftex.def)             Requested size: 281.85587pt x 209.70512pt.

LaTeX Warning: `!h' float specifier changed to `!ht'.


Overfull \hbox (24.7961pt too wide) in paragraph at lines 234--235
[]\OT1/ptm/m/n/12 The objective of \OT1/ptm/b/n/12 MicroML-WattGuard \OT1/ptm/m
/n/12 was to detect anomalies in energy usage using unsupervised
 []



[9]

[10 <./confusion_matrix.png> <./threshhold_diagram.png>]

LaTeX Warning: `!h' float specifier changed to `!ht'.


LaTeX Warning: `!h' float specifier changed to `!ht'.



[11]
<scatter_plot.png, id=161, 1340.00626pt x 532.99126pt>
File: scatter_plot.png Graphic file (type png)
<use scatter_plot.png>
Package pdftex.def Info: scatter_plot.png  used on input line 329.
(pdftex.def)             Requested size: 469.75502pt x 186.84251pt.


LaTeX Warning: `!h' float specifier changed to `!ht'.


Overfull \hbox (25.14355pt too wide) in paragraph at lines 340--341
[]\OT1/ptm/m/n/12 The growing demand for efficient and intelligent energy monit
oring systems in modern infrastructure
 []


Overfull \hbox (4.99576pt too wide) in paragraph at lines 340--341
\OT1/ptm/m/n/12 leverages the Isolation Forest algorithm for unsupervised anoma
ly detection in energy consumption
 []



[12]
Overfull \hbox (1.98276pt too wide) in paragraph at lines 342--343
[]\OT1/ptm/m/n/12 Through the use of the UCI Household Power Consumption datase
t, our model was successfully
 []


Overfull \hbox (0.74704pt too wide) in paragraph at lines 346--347
[]\OT1/ptm/m/n/12 Comparative analysis further demonstrated that MicroML-WattGu
ard strikes a practical balance
 []


Overfull \hbox (3.6513pt too wide) in paragraph at lines 346--347
\OT1/ptm/m/n/12 with reasonable accuracy and lightweight operation|perfectly su
ited for smart grid and residential
 []



[13 <./scatter_plot.png>]
Overfull \hbox (16.14265pt too wide) in paragraph at lines 348--349
[]\OT1/ptm/m/n/12 Despite the system's strengths, certain limitations were ackn
owledged. The current implementation
 []


Overfull \hbox (3.40051pt too wide) in paragraph at lines 350--351
\OT1/ptm/m/n/12 energy anomaly detection, demonstrating how machine learning|wh
en thoughtfully applied|can
 []


Overfull \hbox (15.6511pt too wide) in paragraph at lines 350--351
\OT1/ptm/m/n/12 empower even the simplest hardware to contribute to smarter and
 more resilient energy infrastructure.
 []

LaTeX Font Info:    Trying to load font information for OT1+pcr on input line 3
58.

(/Users/mandarmaniyar/Library/Application Support/MiKTeX/texmfs/install/tex/lat
ex/psnfss/ot1pcr.fd
File: ot1pcr.fd 2001/06/04 font definitions for OT1/pcr.
)
Overfull \hbox (279.04466pt too wide) in paragraph at lines 412--412
[] \OT1/pcr/m/n/12 url = "https://archive.ics.uci.edu/ml/machine-learning-datab
ases/00235/household_power_consumption.zip"[] 
 []



[14]
Overfull \hbox (77.44475pt too wide) in paragraph at lines 412--412
[] \OT1/pcr/m/n/12 df = df[(df['Datetime'] >= '2007-02-01') & (df['Datetime'] <
 '2007-02-03')][] 
 []


Overfull \hbox (19.84477pt too wide) in paragraph at lines 412--412
[] \OT1/pcr/m/n/12 df['Global_active_power'] = df['Global_active_power'].astype
(float)[] 
 []


Overfull \hbox (48.64476pt too wide) in paragraph at lines 412--412
[] \OT1/pcr/m/n/12 df['Global_reactive_power'] = df['Global_reactive_power'].as
type(float)[] 
 []


Overfull \hbox (70.24475pt too wide) in paragraph at lines 412--412
[] \OT1/pcr/m/n/12 features = df[['Global_active_power', 'Voltage', 'Global_rea
ctive_power']][] 
 []



[15]

[16]
Overfull \hbox (27.11113pt too wide) in paragraph at lines 465--466
\OT1/ptm/m/n/12 learning techniques with microcontroller-based systems, which s
ignificantly enriched my understanding
 []

(main.bbl

[17])

[18] (main.aux)
 ***********
LaTeX2e <2024-11-01> patch level 2
L3 programming layer <2025-04-29>
 ***********
Package rerunfilecheck Info: File `main.out' has not changed.
(rerunfilecheck)             Checksum: 33AB51FE532763958120841C7261DE71;3695.
 ) 
Here is how much of TeX's memory you used:
 11474 strings out of 471864
 183460 string characters out of 5518241
 578864 words of memory out of 5000000
 37828 multiletter control sequences out of 15000+600000
 668647 words of font info for 120 fonts, out of 8000000 for 9000
 0 hyphenation exceptions out of 8191
 75i,10n,79p,784b,690s stack positions out of 10000i,1000n,20000p,200000b,200000s
{/Users/mandarmaniyar/Library/Application Support/MiKTeX/texmfs/install/fonts
/enc/dvips/base/8r.enc}</Users/mandarmaniyar/Library/Application Support/MiKTeX
/texmfs/install/fonts/type1/public/amsfonts/cm/cmsy8.pfb></Users/mandarmaniyar/
Library/Application Support/MiKTeX/texmfs/install/fonts/type1/public/amsfonts/c
m/cmsy9.pfb></Users/mandarmaniyar/Library/Application Support/MiKTeX/texmfs/ins
tall/fonts/type1/urw/courier/ucrr8a.pfb></Users/mandarmaniyar/Library/Applicati
on Support/MiKTeX/texmfs/install/fonts/type1/urw/times/utmb8a.pfb></Users/manda
rmaniyar/Library/Application Support/MiKTeX/texmfs/install/fonts/type1/urw/time
s/utmr8a.pfb></Users/mandarmaniyar/Library/Application Support/MiKTeX/texmfs/in
stall/fonts/type1/urw/times/utmri8a.pfb>
Output written on main.pdf (18 pages, 1425134 bytes).
PDF statistics:
 261 PDF objects out of 1000 (max. 8388607)
 74 named destinations out of 1000 (max. 500000)
 186 words of extra memory for PDF output out of 10000 (max. 10000000)

